app/build/outputs/logs/manifest-merger-debug-report.txt
-- Merging decision tree log ---
manifest
ADDED from src/main/AndroidManifest.xml:2:1-407:12
	package
		ADDED from src/main/AndroidManifest.xml:3:5-24
		INJECTED from src/main/AndroidManifest.xml
		INJECTED from src/main/AndroidManifest.xml
	android:versionName
		ADDED from src/main/AndroidManifest.xml:5:5-31
		INJECTED from src/main/AndroidManifest.xml
		INJECTED from src/main/AndroidManifest.xml
	android:versionCode
		ADDED from src/main/AndroidManifest.xml:4:5-29
		INJECTED from src/main/AndroidManifest.xml
		INJECTED from src/main/AndroidManifest.xml
	xmlns:android
		ADDED from src/main/AndroidManifest.xml:2:11-69
	android:installLocation
		ADDED from src/main/AndroidManifest.xml:6:5-43
uses-permission#android.permission.READ_CONTACTS
ADDED from src/main/AndroidManifest.xml:9:5-71
	android:name
		ADDED from src/main/AndroidManifest.xml:9:22-69
uses-permission#android.permission.WRITE_SMS
ADDED from src/main/AndroidManifest.xml:10:5-93
	android:required
		ADDED from src/main/AndroidManifest.xml:10:22-46
	android:name
		ADDED from src/main/AndroidManifest.xml:10:47-90
uses-permission#android.permission.READ_SMS
ADDED from src/main/AndroidManifest.xml:11:5-92
	android:required
		ADDED from src/main/AndroidManifest.xml:11:22-46
	android:name
		ADDED from src/main/AndroidManifest.xml:11:47-89
uses-permission#android.permission.SEND_SMS
ADDED from src/main/AndroidManifest.xml:12:5-92
	android:required
		ADDED from src/main/AndroidManifest.xml:12:22-46
	android:name
		ADDED from src/main/AndroidManifest.xml:12:47-89
uses-permission#android.permission.RECEIVE_SMS
ADDED from src/main/AndroidManifest.xml:13:5-95
	android:required
		ADDED from src/main/AndroidManifest.xml:13:22-46
	android:name
		ADDED from src/main/AndroidManifest.xml:13:47-92
uses-permission#com.android.vending.BILLING
ADDED from src/main/AndroidManifest.xml:14:5-67
	android:name
		ADDED from src/main/AndroidManifest.xml:14:22-64
uses-permission#android.permission.CHANGE_WIFI_MULTICAST_STATE
ADDED from src/main/AndroidManifest.xml:15:5-85
	android:name
		ADDED from src/main/AndroidManifest.xml:15:22-83
uses-permission#android.permission.ACCESS_NETWORK_STATE
ADDED from src/main/AndroidManifest.xml:16:5-78
	android:name
		ADDED from src/main/AndroidManifest.xml:16:22-76
uses-permission#android.permission.CHANGE_NETWORK_STATE
ADDED from src/main/AndroidManifest.xml:17:5-79
	android:name
		ADDED from src/main/AndroidManifest.xml:17:22-76
uses-permission#android.permission.ACCESS_WIFI_STATE
ADDED from src/main/AndroidManifest.xml:18:5-75
	android:name
		ADDED from src/main/AndroidManifest.xml:18:22-73
uses-permission#android.permission.CHANGE_WIFI_STATE
ADDED from src/main/AndroidManifest.xml:19:5-75
	android:name
		ADDED from src/main/AndroidManifest.xml:19:22-73
uses-permission#android.permission.READ_PHONE_STATE
ADDED from src/main/AndroidManifest.xml:20:5-74
	android:name
		ADDED from src/main/AndroidManifest.xml:20:22-72
uses-permission#android.permission.READ_CALL_LOG
ADDED from src/main/AndroidManifest.xml:21:5-96
	android:required
		ADDED from src/main/AndroidManifest.xml:21:22-46
	android:name
		ADDED from src/main/AndroidManifest.xml:21:47-94
uses-permission#android.permission.INTERNET
ADDED from src/main/AndroidManifest.xml:22:5-66
	android:name
		ADDED from src/main/AndroidManifest.xml:22:22-64
uses-permission#android.permission.READ_EXTERNAL_STORAGE
ADDED from src/main/AndroidManifest.xml:23:5-80
	android:name
		ADDED from src/main/AndroidManifest.xml:23:22-77
uses-permission#android.permission.WRITE_EXTERNAL_STORAGE
ADDED from src/main/AndroidManifest.xml:24:5-81
	android:name
		ADDED from src/main/AndroidManifest.xml:24:22-78
uses-feature#android.hardware.camera
ADDED from src/main/AndroidManifest.xml:25:5-85
	android:required
		ADDED from src/main/AndroidManifest.xml:25:19-43
	android:name
		ADDED from src/main/AndroidManifest.xml:25:44-82
uses-permission#android.permission.VIBRATE
ADDED from src/main/AndroidManifest.xml:26:5-66
	android:name
		ADDED from src/main/AndroidManifest.xml:26:22-63
uses-permission#android.permission.RECEIVE_BOOT_COMPLETED
ADDED from src/main/AndroidManifest.xml:27:5-81
	android:name
		ADDED from src/main/AndroidManifest.xml:27:22-78
uses-permission#android.permission.NETWORK
ADDED from src/main/AndroidManifest.xml:28:5-65
	android:name
		ADDED from src/main/AndroidManifest.xml:28:22-63
uses-permission#android.permission.WAKE_LOCK
ADDED from src/main/AndroidManifest.xml:29:5-67
	android:name
		ADDED from src/main/AndroidManifest.xml:29:22-65
supports-screens
ADDED from src/main/AndroidManifest.xml:55:5-62:5
	android:largeScreens
		ADDED from src/main/AndroidManifest.xml:59:3-30
	android:smallScreens
		ADDED from src/main/AndroidManifest.xml:57:3-31
	android:normalScreens
		ADDED from src/main/AndroidManifest.xml:58:3-31
	android:xlargeScreens
		ADDED from src/main/AndroidManifest.xml:60:3-31
	android:resizeable
		ADDED from src/main/AndroidManifest.xml:56:9-34
	android:anyDensity
		ADDED from src/main/AndroidManifest.xml:61:3-28
application
ADDED from src/main/AndroidManifest.xml:64:5-403:19
MERGED from [com.android.support:appcompat-v7:22.1.1] AndroidManifest.xml:22:5-20
MERGED from [com.android.support:support-v4:22.1.1] AndroidManifest.xml:22:5-20
MERGED from [com.google.android.gms:play-services:6.5.87] AndroidManifest.xml:20:5-24:19
MERGED from [com.android.support:support-v4:22.1.1] AndroidManifest.xml:22:5-20
	android:label
		ADDED from src/main/AndroidManifest.xml:67:9-41
	android:hardwareAccelerated
		ADDED from src/main/AndroidManifest.xml:70:9-43
	android:allowBackup
		ADDED from src/main/AndroidManifest.xml:65:9-35
	android:icon
		ADDED from src/main/AndroidManifest.xml:66:9-42
	android:theme
		ADDED from src/main/AndroidManifest.xml:68:9-44
	android:logo
		ADDED from src/main/AndroidManifest.xml:69:9-38
meta-data#com.google.android.gms.version
ADDED from src/main/AndroidManifest.xml:72:9-73:69
MERGED from [com.google.android.gms:play-services:6.5.87] AndroidManifest.xml:21:9-23:69
	android:value
		ADDED from src/main/AndroidManifest.xml:73:13-66
	android:name
		ADDED from src/main/AndroidManifest.xml:72:20-65
activity#run.brief.Main
ADDED from src/main/AndroidManifest.xml:82:9-116:20
	android:label
		ADDED from src/main/AndroidManifest.xml:84:13-45
	android:launchMode
		ADDED from src/main/AndroidManifest.xml:86:13-44
	android:windowSoftInputMode
		ADDED from src/main/AndroidManifest.xml:85:13-67
	android:name
		ADDED from src/main/AndroidManifest.xml:83:13-42
intent-filter#android.intent.action.MAIN+android.intent.category.LAUNCHER
ADDED from src/main/AndroidManifest.xml:88:13-92:29
action#android.intent.action.MAIN
ADDED from src/main/AndroidManifest.xml:89:17-69
	android:name
		ADDED from src/main/AndroidManifest.xml:89:25-66
category#android.intent.category.LAUNCHER
ADDED from src/main/AndroidManifest.xml:90:17-77
	android:name
		ADDED from src/main/AndroidManifest.xml:90:27-74
intent-filter#android.intent.action.SEND+android.intent.category.BROWSABLE+android.intent.category.DEFAULT
ADDED from src/main/AndroidManifest.xml:93:13-104:29
action#android.intent.action.SEND
ADDED from src/main/AndroidManifest.xml:94:17-69
	android:name
		ADDED from src/main/AndroidManifest.xml:94:25-66
category#android.intent.category.DEFAULT
ADDED from src/main/AndroidManifest.xml:95:17-76
	android:name
		ADDED from src/main/AndroidManifest.xml:95:27-73
category#android.intent.category.BROWSABLE
ADDED from src/main/AndroidManifest.xml:96:17-78
	android:name
		ADDED from src/main/AndroidManifest.xml:96:27-75
data
ADDED from src/main/AndroidManifest.xml:97:17-46
	android:scheme
		ADDED from src/main/AndroidManifest.xml:97:23-43
intent-filter#android.intent.action.SENDTO+android.intent.action.VIEW+android.intent.category.BROWSABLE+android.intent.category.DEFAULT
ADDED from src/main/AndroidManifest.xml:105:13-115:29
action#android.intent.action.VIEW
ADDED from src/main/AndroidManifest.xml:106:17-68
	android:name
		ADDED from src/main/AndroidManifest.xml:106:25-66
action#android.intent.action.SENDTO
ADDED from src/main/AndroidManifest.xml:107:17-70
	android:name
		ADDED from src/main/AndroidManifest.xml:107:25-68
service#run.brief.service.BriefService
ADDED from src/main/AndroidManifest.xml:170:9-181:19
	android:exported
		ADDED from src/main/AndroidManifest.xml:172:13-36
	android:permission
		ADDED from src/main/AndroidManifest.xml:171:13-77
	android:name
		ADDED from src/main/AndroidManifest.xml:170:18-63
intent-filter#android.intent.action.RESPOND_VIA_MESSAGE+android.intent.category.DEFAULT
ADDED from src/main/AndroidManifest.xml:173:13-180:29
action#android.intent.action.RESPOND_VIA_MESSAGE
ADDED from src/main/AndroidManifest.xml:174:17-84
	android:name
		ADDED from src/main/AndroidManifest.xml:174:25-81
service#run.brief.service.P2pChatService
ADDED from src/main/AndroidManifest.xml:185:9-186:19
	android:name
		ADDED from src/main/AndroidManifest.xml:185:18-65
receiver#run.brief.service.SmsReceiver
ADDED from src/main/AndroidManifest.xml:221:9-226:20
	android:permission
		ADDED from src/main/AndroidManifest.xml:222:13-66
	android:name
		ADDED from src/main/AndroidManifest.xml:221:19-63
intent-filter#android.provider.Telephony.SMS_DELIVER
ADDED from src/main/AndroidManifest.xml:223:13-225:29
action#android.provider.Telephony.SMS_DELIVER
ADDED from src/main/AndroidManifest.xml:224:17-81
	android:name
		ADDED from src/main/AndroidManifest.xml:224:25-78
receiver#run.brief.service.MmsReceiver
ADDED from src/main/AndroidManifest.xml:229:9-235:20
	android:permission
		ADDED from src/main/AndroidManifest.xml:230:13-71
	android:name
		ADDED from src/main/AndroidManifest.xml:229:19-63
intent-filter#android.provider.Telephony.WAP_PUSH_DELIVER
ADDED from src/main/AndroidManifest.xml:231:13-234:29
action#android.provider.Telephony.WAP_PUSH_DELIVER
ADDED from src/main/AndroidManifest.xml:232:17-86
	android:name
		ADDED from src/main/AndroidManifest.xml:232:25-83
uses-sdk
INJECTED from src/main/AndroidManifest.xml reason: use-sdk injection requested
MERGED from [com.android.support:appcompat-v7:22.1.1] AndroidManifest.xml:20:5-43
MERGED from [com.android.support:support-v4:22.1.1] AndroidManifest.xml:20:5-43
MERGED from [com.google.android.gms:play-services:6.5.87] AndroidManifest.xml:18:5-42
MERGED from [com.android.support:support-v4:22.1.1] AndroidManifest.xml:20:5-43
	android:targetSdkVersion
		INJECTED from src/main/AndroidManifest.xml
		INJECTED from src/main/AndroidManifest.xml
	android:minSdkVersion
		INJECTED from src/main/AndroidManifest.xml
		INJECTED from src/main/AndroidManifest.xml